This is pdfTeX, Version 3.14159265-2.6-1.40.18 (TeX Live 2017/Arch Linux) (preloaded format=pdflatex 2018.3.5)  5 MAR 2018 15:53
entering extended mode
 restricted \write18 enabled.
 %&-line parsing enabled.
**/tmp/tmp.a6oRDwdsw7 -output-directory .
(/tmp/tmp.a6oRDwdsw7
LaTeX2e <2017-04-15>
Babel <3.18> and hyphenation patterns for 84 language(s) loaded.
(/usr/share/texmf-dist/tex/latex/base/article.cls
Document Class: article 2014/09/29 v1.4h Standard LaTeX document class
(/usr/share/texmf-dist/tex/latex/base/size10.clo
File: size10.clo 2014/09/29 v1.4h Standard LaTeX file (size option)
)
\c@part=\count79
\c@section=\count80
\c@subsection=\count81
\c@subsubsection=\count82
\c@paragraph=\count83
\c@subparagraph=\count84
\c@figure=\count85
\c@table=\count86
\abovecaptionskip=\skip41
\belowcaptionskip=\skip42
\bibindent=\dimen102
)
(/usr/share/texmf-dist/tex/latex/base/fontenc.sty
Package: fontenc 2017/04/05 v2.0i Standard LaTeX package

(/usr/share/texmf-dist/tex/latex/base/t1enc.def
File: t1enc.def 2017/04/05 v2.0i Standard LaTeX file
LaTeX Font Info:    Redeclaring font encoding T1 on input line 48.
))
(/usr/share/texmf-dist/tex/latex/inconsolata/inconsolata.sty
Package: inconsolata 2017/01/04 v1.112

`inconsolata-zi4' v1.112, 2017/01/04 Text macros for Inconsolata (msharpe)
(/usr/share/texmf-dist/tex/latex/base/textcomp.sty
Package: textcomp 2017/04/05 v2.0i Standard LaTeX package
Package textcomp Info: Sub-encoding information:
(textcomp)               5 = only ISO-Adobe without \textcurrency
(textcomp)               4 = 5 + \texteuro
(textcomp)               3 = 4 + \textohm
(textcomp)               2 = 3 + \textestimated + \textcurrency
(textcomp)               1 = TS1 - \textcircled - \t
(textcomp)               0 = TS1 (full)
(textcomp)             Font families with sub-encoding setting implement
(textcomp)             only a restricted character set as indicated.
(textcomp)             Family '?' is the default used for unknown fonts.
(textcomp)             See the documentation for details.
Package textcomp Info: Setting ? sub-encoding to TS1/1 on input line 79.

(/usr/share/texmf-dist/tex/latex/base/ts1enc.def
File: ts1enc.def 2001/06/05 v3.0e (jk/car/fm) Standard LaTeX file
)
LaTeX Info: Redefining \oldstylenums on input line 334.
Package textcomp Info: Setting cmr sub-encoding to TS1/0 on input line 349.
Package textcomp Info: Setting cmss sub-encoding to TS1/0 on input line 350.
Package textcomp Info: Setting cmtt sub-encoding to TS1/0 on input line 351.
Package textcomp Info: Setting cmvtt sub-encoding to TS1/0 on input line 352.
Package textcomp Info: Setting cmbr sub-encoding to TS1/0 on input line 353.
Package textcomp Info: Setting cmtl sub-encoding to TS1/0 on input line 354.
Package textcomp Info: Setting ccr sub-encoding to TS1/0 on input line 355.
Package textcomp Info: Setting ptm sub-encoding to TS1/4 on input line 356.
Package textcomp Info: Setting pcr sub-encoding to TS1/4 on input line 357.
Package textcomp Info: Setting phv sub-encoding to TS1/4 on input line 358.
Package textcomp Info: Setting ppl sub-encoding to TS1/3 on input line 359.
Package textcomp Info: Setting pag sub-encoding to TS1/4 on input line 360.
Package textcomp Info: Setting pbk sub-encoding to TS1/4 on input line 361.
Package textcomp Info: Setting pnc sub-encoding to TS1/4 on input line 362.
Package textcomp Info: Setting pzc sub-encoding to TS1/4 on input line 363.
Package textcomp Info: Setting bch sub-encoding to TS1/4 on input line 364.
Package textcomp Info: Setting put sub-encoding to TS1/5 on input line 365.
Package textcomp Info: Setting uag sub-encoding to TS1/5 on input line 366.
Package textcomp Info: Setting ugq sub-encoding to TS1/5 on input line 367.
Package textcomp Info: Setting ul8 sub-encoding to TS1/4 on input line 368.
Package textcomp Info: Setting ul9 sub-encoding to TS1/4 on input line 369.
Package textcomp Info: Setting augie sub-encoding to TS1/5 on input line 370.
Package textcomp Info: Setting dayrom sub-encoding to TS1/3 on input line 371.
Package textcomp Info: Setting dayroms sub-encoding to TS1/3 on input line 372.

Package textcomp Info: Setting pxr sub-encoding to TS1/0 on input line 373.
Package textcomp Info: Setting pxss sub-encoding to TS1/0 on input line 374.
Package textcomp Info: Setting pxtt sub-encoding to TS1/0 on input line 375.
Package textcomp Info: Setting txr sub-encoding to TS1/0 on input line 376.
Package textcomp Info: Setting txss sub-encoding to TS1/0 on input line 377.
Package textcomp Info: Setting txtt sub-encoding to TS1/0 on input line 378.
Package textcomp Info: Setting lmr sub-encoding to TS1/0 on input line 379.
Package textcomp Info: Setting lmdh sub-encoding to TS1/0 on input line 380.
Package textcomp Info: Setting lmss sub-encoding to TS1/0 on input line 381.
Package textcomp Info: Setting lmssq sub-encoding to TS1/0 on input line 382.
Package textcomp Info: Setting lmvtt sub-encoding to TS1/0 on input line 383.
Package textcomp Info: Setting lmtt sub-encoding to TS1/0 on input line 384.
Package textcomp Info: Setting qhv sub-encoding to TS1/0 on input line 385.
Package textcomp Info: Setting qag sub-encoding to TS1/0 on input line 386.
Package textcomp Info: Setting qbk sub-encoding to TS1/0 on input line 387.
Package textcomp Info: Setting qcr sub-encoding to TS1/0 on input line 388.
Package textcomp Info: Setting qcs sub-encoding to TS1/0 on input line 389.
Package textcomp Info: Setting qpl sub-encoding to TS1/0 on input line 390.
Package textcomp Info: Setting qtm sub-encoding to TS1/0 on input line 391.
Package textcomp Info: Setting qzc sub-encoding to TS1/0 on input line 392.
Package textcomp Info: Setting qhvc sub-encoding to TS1/0 on input line 393.
Package textcomp Info: Setting futs sub-encoding to TS1/4 on input line 394.
Package textcomp Info: Setting futx sub-encoding to TS1/4 on input line 395.
Package textcomp Info: Setting futj sub-encoding to TS1/4 on input line 396.
Package textcomp Info: Setting hlh sub-encoding to TS1/3 on input line 397.
Package textcomp Info: Setting hls sub-encoding to TS1/3 on input line 398.
Package textcomp Info: Setting hlst sub-encoding to TS1/3 on input line 399.
Package textcomp Info: Setting hlct sub-encoding to TS1/5 on input line 400.
Package textcomp Info: Setting hlx sub-encoding to TS1/5 on input line 401.
Package textcomp Info: Setting hlce sub-encoding to TS1/5 on input line 402.
Package textcomp Info: Setting hlcn sub-encoding to TS1/5 on input line 403.
Package textcomp Info: Setting hlcw sub-encoding to TS1/5 on input line 404.
Package textcomp Info: Setting hlcf sub-encoding to TS1/5 on input line 405.
Package textcomp Info: Setting pplx sub-encoding to TS1/3 on input line 406.
Package textcomp Info: Setting pplj sub-encoding to TS1/3 on input line 407.
Package textcomp Info: Setting ptmx sub-encoding to TS1/4 on input line 408.
Package textcomp Info: Setting ptmj sub-encoding to TS1/4 on input line 409.
)
(/usr/share/texmf-dist/tex/latex/xkeyval/xkeyval.sty
Package: xkeyval 2014/12/03 v2.7a package option processing (HA)

(/usr/share/texmf-dist/tex/generic/xkeyval/xkeyval.tex
(/usr/share/texmf-dist/tex/generic/xkeyval/xkvutils.tex
\XKV@toks=\toks14
\XKV@tempa@toks=\toks15

(/usr/share/texmf-dist/tex/generic/xkeyval/keyval.tex))
\XKV@depth=\count87
File: xkeyval.tex 2014/12/03 v2.7a key=value parser (HA)
))
\zifour@ocount=\count88
)
(/usr/share/texmf-dist/tex/latex/graphics/color.sty
Package: color 2016/07/10 v1.1e Standard LaTeX Color (DPC)

(/usr/share/texmf-dist/tex/latex/graphics-cfg/color.cfg
File: color.cfg 2016/01/02 v1.6 sample color configuration
)
Package color Info: Driver file: pdftex.def on input line 147.

(/usr/share/texmf-dist/tex/latex/graphics-def/pdftex.def
File: pdftex.def 2018/01/08 v1.0l Graphics/color driver for pdftex
))
(/usr/share/texmf-dist/tex/latex/listings/listings.sty
\lst@mode=\count89
\lst@gtempboxa=\box26
\lst@token=\toks16
\lst@length=\count90
\lst@currlwidth=\dimen103
\lst@column=\count91
\lst@pos=\count92
\lst@lostspace=\dimen104
\lst@width=\dimen105
\lst@newlines=\count93
\lst@lineno=\count94
\lst@maxwidth=\dimen106

(/usr/share/texmf-dist/tex/latex/listings/lstmisc.sty
File: lstmisc.sty 2015/06/04 1.6 (Carsten Heinz)
\c@lstnumber=\count95
\lst@skipnumbers=\count96
\lst@framebox=\box27
)
(/usr/share/texmf-dist/tex/latex/listings/listings.cfg
File: listings.cfg 2015/06/04 1.6 listings configuration
))
Package: listings 2015/06/04 1.6 (Carsten Heinz)

(/usr/share/texmf-dist/tex/latex/listings/lstlang1.sty
File: lstlang1.sty 2015/06/04 1.6 listings language file
)
No file tmp.aux.
\openout1 = `tmp.aux'.

LaTeX Font Info:    Checking defaults for OML/cmm/m/it on input line 25.
LaTeX Font Info:    ... okay on input line 25.
LaTeX Font Info:    Checking defaults for T1/cmr/m/n on input line 25.
LaTeX Font Info:    ... okay on input line 25.
LaTeX Font Info:    Checking defaults for OT1/cmr/m/n on input line 25.
LaTeX Font Info:    ... okay on input line 25.
LaTeX Font Info:    Checking defaults for OMS/cmsy/m/n on input line 25.
LaTeX Font Info:    ... okay on input line 25.
LaTeX Font Info:    Checking defaults for OMX/cmex/m/n on input line 25.
LaTeX Font Info:    ... okay on input line 25.
LaTeX Font Info:    Checking defaults for U/cmr/m/n on input line 25.
LaTeX Font Info:    ... okay on input line 25.
LaTeX Font Info:    Checking defaults for TS1/cmr/m/n on input line 25.
LaTeX Font Info:    Try loading font information for TS1+cmr on input line 25.
(/usr/share/texmf-dist/tex/latex/base/ts1cmr.fd
File: ts1cmr.fd 2014/09/29 v2.5h Standard LaTeX font definitions
)
LaTeX Font Info:    ... okay on input line 25.

(/usr/share/texmf-dist/tex/latex/upquote/upquote.sty
Package: upquote 2012/04/19 v1.3 upright-quote and grave-accent glyphs in verba
tim
)
(/usr/share/texmf-dist/tex/context/base/mkii/supp-pdf.mkii
[Loading MPS to PDF converter (version 2006.09.02).]
\scratchcounter=\count97
\scratchdimen=\dimen107
\scratchbox=\box28
\nofMPsegments=\count98
\nofMParguments=\count99
\everyMPshowfont=\toks17
\MPscratchCnt=\count100
\MPscratchDim=\dimen108
\MPnumerator=\count101
\makeMPintoPDFobject=\count102
\everyMPtoPDFconversion=\toks18
)
\c@lstlisting=\count103

No file tmp.toc.
\tf@toc=\write3
\openout3 = `tmp.toc'.

[1

{/var/lib/texmf/fonts/map/pdftex/updmap/pdftex.map}]
LaTeX Font Info:    Try loading font information for T1+zi4 on input line 30.

(/usr/share/texmf-dist/tex/latex/inconsolata/t1zi4.fd
File: t1zi4.fd 2018/01/14 T1/zi4 (Inconsolata)
)
LaTeX Font Info:    Font shape `T1/zi4/m/n' will be
(Font)              scaled to size 10.0pt on input line 30.
 (./PacketStatus.java)
[2] (./Runner.java) [3] (./P2PNode.java [4]
Overfull \hbox (83.00415pt too wide) in paragraph at lines 58--60
[][][][][][][][][][][][][][][][][][][][][]  
 []


Overfull \hbox (23.00354pt too wide) in paragraph at lines 62--63
[][][][][][][][]  
 []


Overfull \hbox (47.00378pt too wide) in paragraph at lines 63--64
[][][][][][] 
 []


Overfull \hbox (21.00372pt too wide) in paragraph at lines 64--65
[][][][][][] 
 []

[5]
Overfull \hbox (77.00409pt too wide) in paragraph at lines 98--99
[][][][][][][][][]  
 []


Overfull \hbox (39.0039pt too wide) in paragraph at lines 100--101
[][][][][][][][][][][][][][][][][][][] 
 []


Overfull \hbox (45.00397pt too wide) in paragraph at lines 101--102
[][][][][][][][][][] 
 []


Overfull \hbox (5.00336pt too wide) in paragraph at lines 101--102
[][][][][][][]  
 []


Overfull \hbox (77.00409pt too wide) in paragraph at lines 105--106
[][][][][][][][][]  
 []


Overfull \hbox (45.00397pt too wide) in paragraph at lines 107--108
[][][][][][][][][][][][][][][][][][][] 
 []


Overfull \hbox (71.00403pt too wide) in paragraph at lines 107--108
[][][][][][][]  
 []


Overfull \hbox (45.00397pt too wide) in paragraph at lines 108--109
[][][][][][][][][][] 
 []


Overfull \hbox (5.00336pt too wide) in paragraph at lines 108--109
[][][][][][][]  
 []


Overfull \hbox (75.00427pt too wide) in paragraph at lines 109--110
[][][][][][][][][][]  
 []

[6]
Overfull \hbox (71.00403pt too wide) in paragraph at lines 114--115
[][][][][][][][][]  
 []


Overfull \hbox (45.00397pt too wide) in paragraph at lines 116--117
[][][][][][][][][][][][][][][][][][][] 
 []


Overfull \hbox (5.00336pt too wide) in paragraph at lines 116--117
[][][][][][][][][][][][][] 
 []


Overfull \hbox (71.00403pt too wide) in paragraph at lines 116--117
[][][][][][][]  
 []


Overfull \hbox (57.00409pt too wide) in paragraph at lines 117--118
[][][][][][][][][][]  
 []


Overfull \hbox (63.00415pt too wide) in paragraph at lines 118--119
[][][][][][][][][][]  
 []


Overfull \hbox (77.00409pt too wide) in paragraph at lines 122--123
[][][][][][][][][]  
 []


Overfull \hbox (113.00446pt too wide) in paragraph at lines 124--125
[][][][][][][][][]  
 []


Overfull \hbox (87.0044pt too wide) in paragraph at lines 126--127
[][][][][][][][][][][][][][][][][][][] 
 []


Overfull \hbox (23.00354pt too wide) in paragraph at lines 126--127
[][][][][][][] 
 []


Overfull \hbox (17.00348pt too wide) in paragraph at lines 126--127
[][][][][][][] 
 []


Overfull \hbox (35.00366pt too wide) in paragraph at lines 126--127
[][][][][][][][][][][][][][][][]  
 []


Overfull \hbox (93.00446pt too wide) in paragraph at lines 127--128
[][][][][][][][][][] 
 []


Overfull \hbox (53.00385pt too wide) in paragraph at lines 127--128
[][][][][][][]  
 []


Overfull \hbox (123.00476pt too wide) in paragraph at lines 128--129
[][][][][][][][][][]  
 []


Overfull \hbox (33.00385pt too wide) in paragraph at lines 129--130
[][][][][][][][][] 
 []


Overfull \hbox (131.00464pt too wide) in paragraph at lines 129--130
[][][][][][] 
 []


Overfull \hbox (89.00421pt too wide) in paragraph at lines 129--130
[][][][][][] 
 []


Overfull \hbox (11.00342pt too wide) in paragraph at lines 129--130
[][][][][][][]  
 []


Overfull \hbox (87.0044pt too wide) in paragraph at lines 132--133
[][][][][][][][][][][][][][][][][][][] 
 []


Overfull \hbox (23.00354pt too wide) in paragraph at lines 132--133
[][][][][][][] 
 []


Overfull \hbox (17.00348pt too wide) in paragraph at lines 132--133
[][][][][][][] 
 []


Overfull \hbox (11.00342pt too wide) in paragraph at lines 132--133
[][][][][][][][][][][][][][][][]  
 []


Overfull \hbox (93.00446pt too wide) in paragraph at lines 133--134
[][][][][][][][][][] 
 []


Overfull \hbox (53.00385pt too wide) in paragraph at lines 133--134
[][][][][][][]  
 []


Overfull \hbox (33.00385pt too wide) in paragraph at lines 134--135
[][][][][][][][][] 
 []


Overfull \hbox (131.00464pt too wide) in paragraph at lines 134--135
[][][][][][] 
 []


Overfull \hbox (71.00403pt too wide) in paragraph at lines 134--135
[][][][][][] 
 []


Overfull \hbox (11.00342pt too wide) in paragraph at lines 134--135
[][][][][][][]  
 []

[7]
Overfull \hbox (47.00378pt too wide) in paragraph at lines 151--153
[][][][][][][][][][][][]  
 []


Overfull \hbox (11.00342pt too wide) in paragraph at lines 158--159
[][][][][][][][][]  
 []

LaTeX Font Info:    Try loading font information for TS1+zi4 on input line 166.

(/usr/share/texmf-dist/tex/latex/inconsolata/ts1zi4.fd
File: ts1zi4.fd 2018/01/14 TS1/zi4 (Inconsolata)
)
LaTeX Font Info:    Font shape `TS1/zi4/m/n' will be
(Font)              scaled to size 10.0pt on input line 166.
 [8]
Overfull \hbox (191.00525pt too wide) in paragraph at lines 175--176
[][][][][][][][][][][][][][][][][]  
 []


Overfull \hbox (47.00378pt too wide) in paragraph at lines 177--178
[][][][][][][][][][]  
 []


Overfull \hbox (59.0039pt too wide) in paragraph at lines 178--179
[][][][][][][][][] 
 []


Overfull \hbox (33.00385pt too wide) in paragraph at lines 179--180
[][][][][][][][][][][][][]  
 []


Overfull \hbox (39.0039pt too wide) in paragraph at lines 180--181
[][][][][][][][][][][][][]  
 []


Overfull \hbox (39.0039pt too wide) in paragraph at lines 193--194
[][][][][][][][][][][][][][][][][]  
 []


Overfull \hbox (39.0039pt too wide) in paragraph at lines 198--199
[][][][][][][][][][][][][][][][][]  
 []

[9] [10]
Overfull \hbox (11.00342pt too wide) in paragraph at lines 256--258
[][][][][][]  
 []


Overfull \hbox (11.00342pt too wide) in paragraph at lines 261--262
[][][][][][]  
 []


Overfull \hbox (21.00372pt too wide) in paragraph at lines 264--265
[][][][][][][][][][] 
 []

[11]
Overfull \hbox (65.00397pt too wide) in paragraph at lines 301--302
[][][][][][][][][][][][] 
 []


Overfull \hbox (5.00336pt too wide) in paragraph at lines 301--302
[][][][][][][]  
 []


Overfull \hbox (29.0036pt too wide) in paragraph at lines 303--304
[][][][][][] 
 []


Overfull \hbox (125.00458pt too wide) in paragraph at lines 304--305
[][][][][][][][][][][]  
 []


Overfull \hbox (131.00464pt too wide) in paragraph at lines 305--306
[][][][][][][] 
 []

[12]) [13] (./maker.bash
! Extra }, or forgotten \endgroup.
l.28 }
      
? 
! Interruption.
\lst@OutputOther ->\lst@CheckDelay 
                                   \ifnum \lst@length =\z@ \else \let \lst@t...
l.28 }
      
? quit
OK, entering \batchmode...

! LaTeX Error: Can be used only in preamble.

See the LaTeX manual or LaTeX Companion for explanation.
Type  H <return>  for immediate help.
 ...                                              
                                                  
l.30 \begin{document}
                     
Your command was ignored.
Type  I <command> <return>  to replace it with another command,
or  <return>  to continue without it.


Overfull \hbox (31.00098pt too wide) in paragraph at lines 23--31
[][][][][]\T1/zi4/m/n/10 @*),commentstyle=[],keywordstyle=[],stringstyle=[],bas
icstyle=  
 []

 (./tmp.toc)
\tf@toc=\write4
\openout4 = `tmp.toc'.

! You can't use `macro parameter character #' in horizontal mode.
l.34 #
      \usepackage[colorlinks=true,linkcolor=blue]{hyperref}
Sorry, but I'm not programmed to handle this case;
I'll just pretend that you didn't ask for it.
If you're in the wrong mode, you might be able to
return to the right one by typing `I}' or `I$' or `I\par'.


! LaTeX Error: Can be used only in preamble.

See the LaTeX manual or LaTeX Companion for explanation.
Type  H <return>  for immediate help.
 ...                                              
                                                  
l.34 #\usepackage
                 [colorlinks=true,linkcolor=blue]{hyperref}
Your command was ignored.
Type  I <command> <return>  to replace it with another command,
or  <return>  to continue without it.

! Missing $ inserted.
<inserted text> 
                $
l.36 ..." ! -name "*~" ! -name 'src2pdf'| sed 's/^
                                                  \..//' |                 #...
I've inserted a begin-math/end-math symbol since I think
you left one out. Proceed, with fingers crossed.

LaTeX Font Info:    External font `cmex10' loaded for size
(Font)              <7> on input line 36.
LaTeX Font Info:    External font `cmex10' loaded for size
(Font)              <5> on input line 36.
! Missing { inserted.
<to be read again> 
                   \begingroup 
l.36 ...! -name "*~" ! -name 'src2pdf'| sed 's/^\.
                                                  .//' |                 ## ...
A left brace was mandatory here, so I've put one in.
You might want to delete and/or insert some corrections
so that I will find a matching right brace soon.
(If you're confused by all this, try typing `I}' now.)


LaTeX Warning: Command \. invalid in math mode on input line 36.

! Please use \mathaccent for accents in math mode.
\add@accent ...@spacefactor \spacefactor }\accent 
                                                  #1 #2\egroup \spacefactor ...
l.36 ... -name "*~" ! -name 'src2pdf'| sed 's/^\..
                                                  //' |                 ## C...
I'm changing \accent to \mathaccent here; wish me luck.
(Accents are not the same in formulas as they are in text.)

! You can't use `\spacefactor' in math mode.
\add@accent ...}\accent #1 #2\egroup \spacefactor 
                                                  \accent@spacefactor 
l.36 ... -name "*~" ! -name 'src2pdf'| sed 's/^\..
                                                  //' |                 ## C...
Sorry, but I'm not programmed to handle this case;
I'll just pretend that you didn't ask for it.
If you're in the wrong mode, you might be able to
return to the right one by typing `I}' or `I$' or `I\par'.

! You can't use `macro parameter character #' in math mode.
l.36 ...c2pdf'| sed 's/^\..//' |                 #
                                                  # Change ./foo/bar.src to ...
Sorry, but I'm not programmed to handle this case;
I'll just pretend that you didn't ask for it.
If you're in the wrong mode, you might be able to
return to the right one by typing `I}' or `I$' or `I\par'.

! You can't use `macro parameter character #' in math mode.
l.36 ...2pdf'| sed 's/^\..//' |                 ##
                                                   Change ./foo/bar.src to f...
Sorry, but I'm not programmed to handle this case;
I'll just pretend that you didn't ask for it.
If you're in the wrong mode, you might be able to
return to the right one by typing `I}' or `I$' or `I\par'.

! You can't use `macro parameter character #' in math mode.
l.38 while read  i; do                #
                                       # Loop through each file
Sorry, but I'm not programmed to handle this case;
I'll just pretend that you didn't ask for it.
If you're in the wrong mode, you might be able to
return to the right one by typing `I}' or `I$' or `I\par'.

! You can't use `macro parameter character #' in math mode.
l.38 while read  i; do                ##
                                         Loop through each file
Sorry, but I'm not programmed to handle this case;
I'll just pretend that you didn't ask for it.
If you're in the wrong mode, you might be able to
return to the right one by typing `I}' or `I$' or `I\par'.

! Missing $ inserted.
<inserted text> 
                $
l.40    echo "\newpage
                      " >> $tex_file   ## start each section on a new page
I've inserted a begin-math/end-math symbol since I think
you left one out. Proceed, with fingers crossed.

! Missing } inserted.
<inserted text> 
                }
l.40    echo "\newpage
                      " >> $tex_file   ## start each section on a new page
I've inserted something that you may have forgotten.
(See the <inserted text> above.)
With luck, this will get me unwedged. But if you
really didn't forget anything, try typing `2' now; then
my insertion and my current dilemma will both disappear.

! \scriptfont 11 is undefined (character ¸).
<recently read> $
                 
l.40    echo "\newpage
                      " >> $tex_file   ## start each section on a new page
Somewhere in the math formula just ended, you used the
stated character from an undefined font family. For example,
plain TeX doesn't allow \it or \sl in subscripts. Proceed,
and I'll try to forget that I needed that character.

 [14]
! You can't use `macro parameter character #' in math mode.
l.40    echo "\newpage" >> $tex_file   #
                                        # start each section on a new page
Sorry, but I'm not programmed to handle this case;
I'll just pretend that you didn't ask for it.
If you're in the wrong mode, you might be able to
return to the right one by typing `I}' or `I$' or `I\par'.

! You can't use `macro parameter character #' in math mode.
l.40    echo "\newpage" >> $tex_file   ##
                                          start each section on a new page
Sorry, but I'm not programmed to handle this case;
I'll just pretend that you didn't ask for it.
If you're in the wrong mode, you might be able to
return to the right one by typing `I}' or `I$' or `I\par'.

! Missing $ inserted.
<inserted text> 
                $
l.41     echo "\section
                       {$i}" >> $tex_file  ## Create a section for each file
I've inserted a begin-math/end-math symbol since I think
you left one out. Proceed, with fingers crossed.

LaTeX Font Info:    External font `cmex10' loaded for size
(Font)              <14.4> on input line 41.
! Missing $ inserted.
<inserted text> 
                $
l.41     echo "\section{$i}
                           " >> $tex_file  ## Create a section for each file
I've inserted a begin-math/end-math symbol since I think
you left one out. Proceed, with fingers crossed.

! You can't use `macro parameter character #' in math mode.
l.41     echo "\section{$i}" >> $tex_file  #
                                            # Create a section for each file
Sorry, but I'm not programmed to handle this case;
I'll just pretend that you didn't ask for it.
If you're in the wrong mode, you might be able to
return to the right one by typing `I}' or `I$' or `I\par'.

! You can't use `macro parameter character #' in math mode.
l.41     echo "\section{$i}" >> $tex_file  ##
                                              Create a section for each file
Sorry, but I'm not programmed to handle this case;
I'll just pretend that you didn't ask for it.
If you're in the wrong mode, you might be able to
return to the right one by typing `I}' or `I$' or `I\par'.

! You can't use `macro parameter character #' in math mode.
l.43    #
         # This command will include the file in the PDF
Sorry, but I'm not programmed to handle this case;
I'll just pretend that you didn't ask for it.
If you're in the wrong mode, you might be able to
return to the right one by typing `I}' or `I$' or `I\par'.

! You can't use `macro parameter character #' in math mode.
l.43    ##
           This command will include the file in the PDF
Sorry, but I'm not programmed to handle this case;
I'll just pretend that you didn't ask for it.
If you're in the wrong mode, you might be able to
return to the right one by typing `I}' or `I$' or `I\par'.


! Package Listings Error: File `$i(.tex)' not found.

Type X to quit or <RETURN> to proceed,
or enter new name. (Default extension: tex)

 Enter file name: 
! Emergency stop.
<read *> 
         
l.44     echo "\lstinputlisting{$i}
                                   " >>$tex_file^^M
*** (cannot \read from terminal in nonstop modes)

 
Here is how much of TeX's memory you used:
 3243 strings out of 492982
 44446 string characters out of 6138580
 156952 words of memory out of 5000000
 6798 multiletter control sequences out of 15000+600000
 7447 words of font info for 22 fonts, out of 8000000 for 9000
 1141 hyphenation exceptions out of 8191
 35i,6n,72p,237b,1481s stack positions out of 5000i,500n,10000p,200000b,80000s
!  ==> Fatal error occurred, no output PDF file produced!
